2026-06-20T18:49:10Z
- Started migration audit for replacing custom cloud clients with official Rust clients.
- Current custom client crates are workspace members: alien-aws-clients, alien-gcp-clients, alien-azure-clients, alien-k8s-clients.
- alien-infra currently depends on these crates through feature-gated optional dependencies and uses their traits/mocks through PlatformServiceProvider.
- Controller tests rely on mock traits generated/provided by custom client crates; preserving controller tests requires a new official-client-compatible mock seam.
- Found nested alien-infra guidance: use cargo build/check with --all-features.
- The sandbox initially lacked cargo/rustc/rustup. Installed Rust stable 1.96.0 with rustup in the user home.
- Researched current official Kubernetes Rust client path: kube 1.1.0 matches the repository's existing k8s-openapi 0.25.0/v1_33 pin; kube 4.0.0 would require k8s-openapi 0.28.0.
- Migrated alien-infra Kubernetes provider usage from alien-k8s-clients to an internal official kube-backed adapter in crates/alien-infra/src/kubernetes_client.rs.
- Removed alien-k8s-clients from alien-infra dependencies and root workspace membership/dependency table.
- Migrated alien-client-config Kubernetes env parsing to construct alien_core::KubernetesClientConfig directly.
- Migrated alien-bindings Kubernetes build/vault usage to a small internal official kube-backed adapter in crates/alien-bindings/src/kubernetes_client.rs.
- Installed local protoc v31.1 under .tools/protoc because the sandbox did not have protobuf-compiler and cargo check needs alien-bindings build.rs.
- Verified Kubernetes migration slice with: PROTOC=/workspace/alien/.tools/protoc/bin/protoc cargo check -p alien-infra --all-features.
- Added .tools/ to .gitignore so the local protoc binary is not committed.
- Started AWS migration with alien-bindings Parameter Store vault: added official aws-config/aws-sdk-ssm config helper, replaced custom alien_aws_clients::ssm usage with an official aws_sdk_ssm::Client adapter behind a local mockable SsmParameterStore trait, and updated BindingsProvider to construct SSM through the official SDK helper.
- Verified AWS Parameter Store binding slice with: PROTOC=/workspace/alien/.tools/protoc/bin/protoc cargo check -p alien-bindings --all-features.
- Re-ran infra validation after the AWS Parameter Store slice: PROTOC=/workspace/alien/.tools/protoc/bin/protoc cargo check -p alien-infra --all-features.
- Migrated alien-bindings Lambda worker from alien_aws_clients::lambda to official aws_sdk_lambda behind a local mockable LambdaWorkerClient trait, and added official Lambda client construction to the AWS SDK helper with Alien endpoint override support.
- Verified AWS Lambda worker binding slice with: PROTOC=/workspace/alien/.tools/protoc/bin/protoc cargo check -p alien-bindings --all-features.
- Re-ran infra validation after the AWS Lambda worker slice: PROTOC=/workspace/alien/.tools/protoc/bin/protoc cargo check -p alien-infra --all-features.
- Migrated alien-bindings SQS queue from alien_aws_clients::sqs to official aws_sdk_sqs behind a local mockable SqsQueueClient trait, and added official SQS client construction to the AWS SDK helper with Alien endpoint override support.
- Verified AWS SQS queue binding slice with: PROTOC=/workspace/alien/.tools/protoc/bin/protoc cargo check -p alien-bindings --all-features.
- Re-ran infra validation after the AWS SQS queue slice: PROTOC=/workspace/alien/.tools/protoc/bin/protoc cargo check -p alien-infra --all-features.
- Migrated alien-bindings DynamoDB KV from alien_aws_clients::dynamodb to official aws_sdk_dynamodb behind a local mockable DynamoDbKvClient trait, preserving the existing pk/sk/value/ttl table shape and soft-TTL behavior.
- Verified AWS DynamoDB KV binding slice with: PROTOC=/workspace/alien/.tools/protoc/bin/protoc cargo check -p alien-bindings --all-features.
- Re-ran infra validation after the AWS DynamoDB KV slice: PROTOC=/workspace/alien/.tools/protoc/bin/protoc cargo check -p alien-infra --all-features.
- Migrated alien-bindings S3 storage credential bridge from alien_aws_clients::AwsCredentialProvider to the official AWS SDK SdkConfig credentials provider, and passed s3 endpoint overrides through to object_store::AmazonS3Builder.
- Verified AWS S3 storage binding slice with: PROTOC=/workspace/alien/.tools/protoc/bin/protoc cargo check -p alien-bindings --all-features.
- Re-ran infra validation after the AWS S3 storage slice: PROTOC=/workspace/alien/.tools/protoc/bin/protoc cargo check -p alien-infra --all-features.
- Migrated alien-bindings AWS IAM service-account impersonation from alien_aws_clients::sts to official aws_sdk_sts behind a local mockable AwsStsClient trait, returning core AwsCredentials::SessionCredentials with STS expiration preserved.
- Verified AWS IAM service-account binding slice with: PROTOC=/workspace/alien/.tools/protoc/bin/protoc cargo check -p alien-bindings --all-features.
- Re-ran infra validation after the AWS IAM service-account slice: PROTOC=/workspace/alien/.tools/protoc/bin/protoc cargo check -p alien-infra --all-features.
- Migrated alien-bindings CodeBuild build provider from alien_aws_clients::codebuild to official aws_sdk_codebuild behind a local mockable CodeBuildClient trait, preserving buildspec wrapper generation, environment override merging, and status mapping.
- Verified AWS CodeBuild binding slice with: PROTOC=/workspace/alien/.tools/protoc/bin/protoc cargo check -p alien-bindings --all-features.
- Re-ran infra validation after the AWS CodeBuild slice: PROTOC=/workspace/alien/.tools/protoc/bin/protoc cargo check -p alien-infra --all-features.
- Added official aws_sdk_ecr dependency and ECR client construction helper with Alien endpoint override support; fetched/generated source inspection confirmed repository, authorization token, and repository error accessors needed for the next ECR module refactor.
- Re-ran infra validation after wiring the official ECR SDK helper: PROTOC=/workspace/alien/.tools/protoc/bin/protoc cargo check -p alien-infra --all-features.
- Migrated alien-bindings ECR artifact registry from alien_aws_clients::ecr/AwsCredentialProvider/AwsClientConfigExt to official aws_sdk_ecr plus the official STS assume-role helper, behind a local mockable EcrClient trait. Preserved repository prefixing, ECR policy merge/remove behavior, replicated-region policy application, and authorization-token generation.
- Removed alien-aws-clients from alien-bindings runtime feature/dependency wiring; remaining alien-bindings references are in tests that still need official SDK mock rewrites.
- Verified AWS ECR binding slice with: PROTOC=/workspace/alien/.tools/protoc/bin/protoc cargo check -p alien-bindings --all-features.
- Re-ran infra validation after the AWS ECR slice: PROTOC=/workspace/alien/.tools/protoc/bin/protoc cargo check -p alien-infra --all-features.
- Migrated alien-client-config AWS env parsing and AWS role impersonation from alien_aws_clients::AwsClientConfigExt to local logic using alien_core AWS config types plus official aws-config/aws-sdk-sts. Preserved env precedence for web identity, static keys, profiles, IMDS, AWS_ACCOUNT_ID, role-ARN account extraction, STS account inference, and AWS_SERVICE_OVERRIDES_ENDPOINTS.
- Removed alien-aws-clients from alien-client-config's AWS feature/dependencies.
- Verified alien-client-config AWS migration with: cargo check -p alien-client-config --all-features.
- Re-ran infra validation after the alien-client-config AWS slice: PROTOC=/workspace/alien/.tools/protoc/bin/protoc cargo check -p alien-infra --all-features.
- Migrated simple alien-infra AWS config type references from alien_aws_clients to alien_core in public re-exports, examples, controller config typing, remote access resolver impersonation config, and kubeconfig AWS exec credential injection.
- Re-ran infra validation after the alien-infra AWS config type cleanup: PROTOC=/workspace/alien/.tools/protoc/bin/protoc cargo check -p alien-infra --all-features.
- Migrated alien-infra AWS SSM/vault heartbeat path from alien_aws_clients::ssm to a local official aws_sdk_ssm adapter in crates/alien-infra/src/aws_sdk.rs. PlatformServiceProvider now returns the local SsmApi trait for SSM, and AwsVaultController consumes official SDK-derived metadata DTOs.
- Verified alien-infra AWS SSM/vault slice with: PROTOC=/workspace/alien/.tools/protoc/bin/protoc cargo check -p alien-infra --all-features.
- Migrated alien-infra AWS SQS queue controller path from alien_aws_clients::sqs to official aws_sdk_sqs behind the local SqsApi trait in crates/alien-infra/src/aws_sdk.rs. PlatformServiceProvider now constructs official SQS clients, AwsQueueController consumes string-keyed DTOs, and the queue controller test uses a local official-compatible trait mock.
- Verified alien-infra AWS SQS queue slice with: PROTOC=/workspace/alien/.tools/protoc/bin/protoc cargo check -p alien-infra --all-features.
- Verified focused queue controller behavior with: PROTOC=/workspace/alien/.tools/protoc/bin/protoc cargo test -p alien-infra queue::aws::tests::test_create_and_delete_queue_succeeds --all-features.
- Migrated alien-infra AWS DynamoDB KV controller path from alien_aws_clients::dynamodb to official aws_sdk_dynamodb behind the local DynamoDbApi trait in crates/alien-infra/src/aws_sdk.rs. PlatformServiceProvider now constructs official DynamoDB clients, AwsKvController consumes local DTOs for lifecycle and heartbeat metadata, and ResourceNotFoundException is mapped at the adapter boundary for polling/deletion semantics.
- Verified alien-infra AWS DynamoDB KV slice with: PROTOC=/workspace/alien/.tools/protoc/bin/protoc cargo check -p alien-infra --all-features.
- Migrated alien-infra AWS CodeBuild build controller path from alien_aws_clients::codebuild to official aws_sdk_codebuild behind the local CodeBuildApi trait in crates/alien-infra/src/aws_sdk.rs. PlatformServiceProvider now constructs official CodeBuild clients, AwsBuildController consumes local config/description DTOs, and the controller tests use a local official-compatible trait mock.
- Verified alien-infra AWS CodeBuild build slice with: PROTOC=/workspace/alien/.tools/protoc/bin/protoc cargo check -p alien-infra --all-features.
- Verified focused CodeBuild controller behavior with: PROTOC=/workspace/alien/.tools/protoc/bin/protoc cargo test -p alien-infra build::aws::tests --all-features.
- Migrated alien-infra AWS S3 storage controller and worker storage-trigger notification paths from alien_aws_clients::s3 to official aws_sdk_s3 behind the local S3Api trait in crates/alien-infra/src/aws_sdk.rs. PlatformServiceProvider now constructs official S3 clients with Alien endpoint override support, AwsStorageController consumes local versioning/public-access/lifecycle/heartbeat DTOs, S3 optional metadata/not-found/idempotency handling is mapped at the adapter boundary, and storage tests use the local official-compatible MockS3Api.
- Verified alien-infra AWS S3 storage slice with: PROTOC=/workspace/alien/.tools/protoc/bin/protoc cargo check -p alien-infra --all-features.
- Verified focused AWS S3 storage controller behavior with: PROTOC=/workspace/alien/.tools/protoc/bin/protoc cargo test -p alien-infra storage::aws::tests --all-features.
- Removed the isolated alien_aws_clients::AwsClientConfigExt test-helper dependency from crates/alien-infra/src/core/controller_test.rs by constructing the mock AwsClientConfig from alien_core directly.
- Re-verified after the controller test helper cleanup with: PROTOC=/workspace/alien/.tools/protoc/bin/protoc cargo check -p alien-infra --all-features.
- 2026-06-20T20:45:22Z: Migrated alien-infra AWS IAM consumers for service accounts, remote stack management, artifact registry roles, and worker tests from alien_aws_clients::iam to official aws_sdk_iam behind the local IamApi trait in crates/alien-infra/src/aws_sdk.rs. PlatformServiceProvider now constructs official IAM clients with Alien endpoint override support, controllers consume local IAM DTOs, and official IAM NoSuchEntity/EntityAlreadyExists responses are mapped at the adapter boundary to infra-owned CloudResourceNotFound/CloudResourceConflict variants for cleanup and idempotency.
- Verified alien-infra AWS IAM slice with: PROTOC=/workspace/alien/.tools/protoc/bin/protoc cargo check -p alien-infra --all-features.
- Verified focused IAM-adjacent controller behavior with: cargo test -p alien-infra service_account::aws::tests --all-features; cargo test -p alien-infra remote_stack_management::aws::tests --all-features; cargo test -p alien-infra artifact_registry::aws::tests --all-features.
- 2026-06-20T20:51:52Z: Migrated alien-infra AWS ECR artifact registry replication and heartbeat paths from alien_aws_clients::aws::ecr to official aws_sdk_ecr behind the local EcrApi trait in crates/alien-infra/src/aws_sdk.rs. PlatformServiceProvider now constructs official ECR clients with Alien endpoint override support, AwsArtifactRegistryController consumes local ECR repository/replication DTOs, and no custom ECR references remain in alien-infra.
- Verified alien-infra AWS ECR slice with: PROTOC=/workspace/alien/.tools/protoc/bin/protoc cargo check -p alien-infra --all-features.
- Verified focused AWS artifact registry behavior with: cargo test -p alien-infra artifact_registry::aws::tests --all-features.
- 2026-06-20T21:08:02Z: Migrated alien-infra AWS EC2 network controller and Lambda VPC ENI cleanup wait path from alien_aws_clients::ec2 to official aws_sdk_ec2 behind the local Ec2Api trait in crates/alien-infra/src/aws_sdk.rs. PlatformServiceProvider now constructs official EC2 clients with Alien endpoint override support, network/aws.rs consumes local EC2 VPC/subnet/gateway/route/security-group DTOs, worker/aws.rs uses local EC2 describe-network-interface DTOs, and no custom EC2 references remain in alien-infra.
- Verified alien-infra AWS EC2 slice with: PROTOC=/workspace/alien/.tools/protoc/bin/protoc cargo check -p alien-infra --all-features.
- Verified focused AWS network behavior with: PROTOC=/workspace/alien/.tools/protoc/bin/protoc cargo test -p alien-infra network::aws::tests --all-features.
- 2026-06-20T21:20:43Z: Migrated alien-infra AWS ACM certificate import/reimport/delete paths from alien_aws_clients::acm to official aws_sdk_acm behind the local AcmApi trait in crates/alien-infra/src/aws_sdk.rs. PlatformServiceProvider now constructs official ACM clients with Alien endpoint override support, Kubernetes public endpoint and worker certificate paths consume local ACM DTOs, official ACM ResourceNotFoundException is mapped at the adapter boundary to infra-owned CloudResourceNotFound for cleanup idempotency, and no custom ACM references remain in alien-infra.
- Verified alien-infra AWS ACM slice with: PROTOC=/workspace/alien/.tools/protoc/bin/protoc cargo check -p alien-infra --all-features.
- Checked stale ACM references with: rg -n "alien_aws_clients::acm|use alien_aws_clients::.*acm|MockAcmApi|AcmClient" crates/alien-infra/src crates/alien-infra/Cargo.toml Cargo.toml. Only local aws_sdk_acm adapter and local MockAcmApi references remain.
- Focused test notes: PROTOC=/workspace/alien/.tools/protoc/bin/protoc cargo test -p alien-infra kubernetes_public_endpoint::tests --all-features ran 17 tests, with ACM tag coverage passing and one unrelated existing ingress annotation expectation failing. PROTOC=/workspace/alien/.tools/protoc/bin/protoc cargo test -p alien-infra worker::aws::tests --all-features built and ran, but failed before ACM in permission policy setup due missing managingAccountId in the test context, plus two pre-existing certificate-state update cases.
- 2026-06-20T21:32:10Z: Migrated alien-infra AWS Lambda worker lifecycle, permissions, concurrency, and SQS event-source mapping paths from alien_aws_clients::lambda to official aws_sdk_lambda behind the local LambdaApi trait in crates/alien-infra/src/aws_sdk.rs. PlatformServiceProvider now constructs official Lambda clients with Alien endpoint override support, AwsWorkerController consumes local Lambda DTOs, official Lambda ResourceNotFoundException/ResourceConflictException are mapped at the adapter boundary to infra-owned CloudResourceNotFound/CloudResourceConflict, and no custom Lambda references remain in alien-infra.
- Verified alien-infra AWS Lambda slice with: PROTOC=/workspace/alien/.tools/protoc/bin/protoc cargo check -p alien-infra --all-features.
- Checked stale Lambda references with: rg -n "alien_aws_clients::lambda|use alien_aws_clients::.*lambda" crates/alien-infra/src crates/alien-infra/Cargo.toml Cargo.toml. No matches remain.
- Focused worker test notes: PROTOC=/workspace/alien/.tools/protoc/bin/protoc cargo test -p alien-infra worker::aws::tests --all-features compiled and ran 25 tests with local MockLambdaApi; 8 passed and the remaining 17 failed for the existing broader test-context issues already seen before this slice (missing managingAccountId in permission-policy generation, plus two certificate-state update setup failures).
- 2026-06-20T21:40:37Z: Migrated alien-infra AWS API Gateway V2 worker HTTP API/custom-domain/API-mapping paths from alien_aws_clients::apigatewayv2 to official aws_sdk_apigatewayv2 behind the local ApiGatewayV2Api trait in crates/alien-infra/src/aws_sdk.rs. PlatformServiceProvider now constructs official API Gateway V2 clients with Alien endpoint override support using the existing "apigateway" override key, AwsWorkerController consumes local API Gateway V2 DTOs/mocks, official NotFoundException/ConflictException responses are mapped at the adapter boundary to infra-owned CloudResourceNotFound/CloudResourceConflict, and no custom API Gateway V2 references remain in alien-infra.
- Verified alien-infra AWS API Gateway V2 slice with: PROTOC=/workspace/alien/.tools/protoc/bin/protoc /home/islo/.cargo/bin/cargo check -p alien-infra --all-features.
- Checked stale API Gateway V2 references with: rg -n "alien_aws_clients::apigatewayv2|use alien_aws_clients::.*apigatewayv2|alien_aws_clients::AwsClientConfig" crates/alien-infra/src crates/alien-infra/Cargo.toml Cargo.toml. No matches remain.
- Focused worker test notes: PROTOC=/workspace/alien/.tools/protoc/bin/protoc /home/islo/.cargo/bin/cargo test -p alien-infra worker::aws::tests --all-features compiled and ran 25 tests with local MockApiGatewayV2Api; 8 passed and the remaining 17 failed for the existing broader test-context issues already seen before this slice (missing managingAccountId in permission-policy generation, plus two certificate-state update setup failures).
- 2026-06-20T21:44:09Z: Migrated alien-infra AWS EventBridge schedule trigger paths from alien_aws_clients::eventbridge to official aws_sdk_eventbridge behind the local EventBridgeApi trait in crates/alien-infra/src/aws_sdk.rs. PlatformServiceProvider now constructs official EventBridge clients with Alien endpoint override support using the existing "events" override key, AwsWorkerController consumes local EventBridge DTOs, official ResourceNotFoundException/ResourceAlreadyExistsException/ConcurrentModificationException responses are mapped at the adapter boundary, PutTargets/RemoveTargets partial failures now fail loudly instead of being ignored, and no custom EventBridge references remain in worker/aws.rs.
- Verified alien-infra AWS EventBridge slice with: PROTOC=/workspace/alien/.tools/protoc/bin/protoc /home/islo/.cargo/bin/cargo check -p alien-infra --all-features.
- Checked stale EventBridge references with: rg -n "alien_aws_clients::eventbridge|use alien_aws_clients::.*eventbridge|EventBridgeClient::new|alien_aws_clients" crates/alien-infra/src/worker/aws.rs crates/alien-infra/src/core/service_provider.rs. Only the service-provider alien_aws_clients import group remains for still-unmigrated AWS services.
- Focused worker test notes: PROTOC=/workspace/alien/.tools/protoc/bin/protoc /home/islo/.cargo/bin/cargo test -p alien-infra worker::aws::tests --all-features compiled and ran 25 tests with the local EventBridgeApi seam; 8 passed and the remaining 17 failed for the existing broader test-context issues already seen before this slice (missing managingAccountId in permission-policy generation, plus two certificate-state update setup failures).
- 2026-06-20T21:49:28Z: Removed the remaining unused alien-infra AWS service-provider methods and implementations for custom CloudFormation, Secrets Manager, Auto Scaling, ELBv2, and EKS clients. No controllers or tests called these methods, so deleting the dead custom-client API surface cleanly detached alien-infra from alien-aws-clients instead of carrying unused wrappers.
- Removed alien-aws-clients from alien-infra's aws/test-utils feature wiring, normal dependencies, and dev-dependencies.
- Verified alien-infra custom AWS detachment with: rg -n "alien_aws_clients|alien-aws-clients|CloudFormationApi|SecretsManagerApi|AutoScalingApi|Elbv2Api|EksApi|get_aws_cloudformation_client|get_aws_secrets_manager_client|get_aws_autoscaling_client|get_aws_elbv2_client|get_aws_eks_client" crates/alien-infra. No matches remain.
- Re-verified alien-infra after detaching custom AWS clients with: PROTOC=/workspace/alien/.tools/protoc/bin/protoc /home/islo/.cargo/bin/cargo check -p alien-infra --all-features.
- Remaining custom AWS references are now outside alien-infra: alien-deployment runtime helper, alien-commands dispatcher, alien-test helpers, alien-bindings tests/dev-dependencies, the root workspace entry/dependency table, and the alien-aws-clients crate itself.
- 2026-06-20T21:52:25Z: Migrated alien-deployment AWS environment-info collection from alien_aws_clients::StsClient to the official aws_sdk_sts client produced by alien_bindings::aws_sdk::sts_client_from_alien_config, preserving Alien AWS config conversion and the "sts" endpoint override path.
- Removed alien-aws-clients from alien-deployment dependencies.
- Verified alien-deployment custom AWS cleanup with: rg -n "alien_aws_clients|alien-aws-clients|StsClient|StsApi" crates/alien-deployment. No matches remain.
- Verified alien-deployment with: PROTOC=/workspace/alien/.tools/protoc/bin/protoc /home/islo/.cargo/bin/cargo check -p alien-deployment --all-features.
- 2026-06-20T21:56:07Z: Migrated alien-commands AWS Lambda command dispatcher from alien_aws_clients::lambda to official aws_sdk_lambda. The dispatcher now creates official Lambda clients through alien_bindings::aws_sdk::lambda_client_from_alien_config, preserving Alien AWS config conversion and endpoint overrides, and invokes Lambda asynchronously with InvocationType::Event.
- Removed alien-aws-clients from alien-commands server/dispatchers feature wiring and dependencies; added optional aws-sdk-lambda and explicit alien-bindings/aws feature wiring.
- Verified alien-commands custom AWS cleanup with: rg -n "alien_aws_clients|alien-aws-clients|InvokeRequest|LambdaApi|AwsCredentialProvider" crates/alien-commands. No matches remain.
- Verified alien-commands with: PROTOC=/workspace/alien/.tools/protoc/bin/protoc /home/islo/.cargo/bin/cargo check -p alien-commands --all-features.
- Remaining custom AWS references are now alien-test helpers, alien-bindings integration tests/dev-dependencies, the root workspace entry/dependency table, and the alien-aws-clients crate itself.
- 2026-06-20T22:01:01Z: Migrated alien-test AWS E2E helpers from alien-aws-clients to official AWS SDK clients. Scoped target setup now uses official aws_sdk_iam builders for role creation, stale policy cleanup, managed policy creation/attachment, and official STS role assumption via alien_bindings::aws_sdk::assume_role_config_from_alien_config. ECR replication polling now uses official aws_sdk_ecr::Client and ImageIdentifier.
- Removed alien-aws-clients from alien-test dependencies; added direct aws-sdk-iam/aws-sdk-ecr plus alien-bindings/aws for shared Alien AWS config conversion.
- Verified alien-test custom AWS cleanup with: rg -n "alien_aws_clients|alien-aws-clients|AwsCredentialProvider|AwsClientConfigExt|IamApi|EcrApi|IamClient|EcrClient|AwsErrorData" crates/alien-test/src crates/alien-test/Cargo.toml. Only a documentation comment remains.
- Verified alien-test with: PROTOC=/workspace/alien/.tools/protoc/bin/protoc /home/islo/.cargo/bin/cargo check -p alien-test --all-features.
- Remaining custom AWS references are now alien-bindings integration tests/dev-dependency, the root workspace entry/dependency table, the alien-aws-clients crate itself, and one stale alien-test documentation comment.
- Remaining major work: migrate alien-aws-clients, alien-gcp-clients, and alien-azure-clients usages to official SDK crates and official-client-compatible mocks; then remove those custom crates from the workspace and run cargo build.
- 2026-06-20T22:08:08Z: Migrated alien-bindings AWS integration test setup from alien-aws-clients to official AWS SDK clients. KV table setup/cleanup now uses official aws_sdk_dynamodb through the shared Alien AWS config helper; worker Lambda setup/URL/permissions/cleanup now uses official aws_sdk_lambda; CodeBuild project and IAM role setup/cleanup now use official aws_sdk_codebuild/aws_sdk_iam. Removed the alien-bindings dev-dependency on alien-aws-clients.
- Removed alien-aws-clients from the root workspace members/dependency table, deleted the unused crates/alien-aws-clients crate directory, removed stale README references, and removed the stale alien-test documentation comment. Cargo.lock no longer contains alien-aws-clients.
- Verified AWS custom-client removal with: rg -n "alien_aws_clients|alien-aws-clients" . Only historical progress.log entries remain.
- Verified migrated bindings tests compile with: PROTOC=/workspace/alien/.tools/protoc/bin/protoc /home/islo/.cargo/bin/cargo check -p alien-bindings --all-features --tests.
- Remaining major work: migrate alien-gcp-clients and alien-azure-clients usages to official SDK crates and official-client-compatible mocks; then remove those custom crates from the workspace and run cargo build.
- 2026-06-20T22:11:55Z: Started GCP/Azure migration by detaching alien-client-config from alien-gcp-clients and alien-azure-clients. GCP and Azure environment parsing now lives in alien-client-config and builds alien_core::{GcpClientConfig, AzureClientConfig} directly, preserving GCP access-token/service-account/ADC/external-account/authorized-user/projected-token/metadata precedence and Azure access-token/workload-identity/service-principal/managed-identity/VM-managed-identity precedence. GCP impersonation now constructs the core ImpersonatedServiceAccount config directly. Azure impersonation preserves workload/managed/VM managed identity source transformations and fails loudly for access-token/service-principal token-exchange cases instead of carrying forward the old simplified custom-client approximation.
- Verified alien-client-config custom GCP/Azure detachment with: rg -n "alien_gcp_clients|alien-gcp-clients|alien_azure_clients|alien-azure-clients" crates/alien-client-config. No matches remain.
- Verified alien-client-config compiles with: PROTOC=/workspace/alien/.tools/protoc/bin/protoc /home/islo/.cargo/bin/cargo check -p alien-client-config --all-features.
- 2026-06-20T22:15:21Z: Researched the official Google Rust SDK path for the next GCP runtime slice. `cargo search`/`cargo info` identified google-cloud-resourcemanager-v3 1.11.0 and google-cloud-auth 1.13.0 as official Google Cloud Rust SDK crates from googleapis/google-cloud-rust. The Resource Manager client supports official mocks via `Projects::from_stub`, and auth supports service_account/external_account/user_account/impersonated builders; a proper Alien GCP official adapter should convert alien_core::GcpClientConfig into google_cloud_auth credentials before replacing Resource Manager/IAM users.
- Verified downstream packages still compile after the alien-client-config GCP/Azure detachment with: PROTOC=/workspace/alien/.tools/protoc/bin/protoc /home/islo/.cargo/bin/cargo check -p alien-deployment --all-features; ... cargo check -p alien-commands --all-features; ... cargo check -p alien-test --all-features.
- 2026-06-20T22:23:37Z: Migrated alien-deployment's GCP Resource Manager project-number lookup from alien-gcp-clients to the official Google Rust SDK. Added google-cloud-auth and google-cloud-resourcemanager-v3 workspace dependencies, introduced crates/alien-deployment/src/gcp_sdk.rs to convert alien_core::GcpClientConfig into official Google credentials, and replaced collect_environment_info/resolve_gcp_project_number ResourceManagerClient usage with google_cloud_resourcemanager_v3::client::Projects. The adapter supports direct access tokens, service-account keys, metadata-server credentials, external-account file credentials, authorized-user ADC, and official impersonated service account credentials; projected service-account token files now fail loudly because they are not a complete official Google auth credential configuration.
- Removed alien-gcp-clients and alien-azure-clients from alien-deployment dependencies. Verified alien-deployment custom GCP/Azure cleanup with: rg -n "alien_gcp_clients|alien-gcp-clients|alien_azure_clients|alien-azure-clients" crates/alien-deployment. No matches remain.
- Verified alien-deployment with: PROTOC=/workspace/alien/.tools/protoc/bin/protoc /home/islo/.cargo/bin/cargo check -p alien-deployment --all-features.
- Attempted downstream verification with: PROTOC=/workspace/alien/.tools/protoc/bin/protoc /home/islo/.cargo/bin/cargo check -p alien-test --all-features. Compilation reached alien-test but failed because the workspace target directory could not create another temp metadata directory: No space left on device (os error 28) at /workspace/alien/target/debug/deps/rmeta*. Removed the generated target directory afterward, freeing 54G and returning /workspace to about 5% used.
